TN:
SF:index.js
FN:8,(anonymous_0)
FN:16,(anonymous_1)
FN:21,(anonymous_2)
FN:35,(anonymous_3)
FN:40,(anonymous_4)
FNF:5
FNH:5
FNDA:1,(anonymous_0)
FNDA:1,(anonymous_1)
FNDA:1,(anonymous_2)
FNDA:1,(anonymous_3)
FNDA:1,(anonymous_4)
DA:1,1
DA:2,1
DA:3,1
DA:5,1
DA:9,1
DA:11,1
DA:12,1
DA:13,1
DA:16,1
DA:17,1
DA:22,1
DA:23,1
DA:28,1
DA:30,0
DA:36,1
DA:37,1
DA:41,1
DA:44,1
LF:18
LH:17
BRF:0
BRH:0
end_of_record
TN:
SF:routes.js
FN:6,(anonymous_0)
FN:9,(anonymous_1)
FNF:2
FNH:1
FNDA:1,(anonymous_0)
FNDA:0,(anonymous_1)
DA:1,1
DA:2,1
DA:4,1
DA:6,1
DA:7,1
DA:9,1
DA:10,0
DA:14,1
DA:16,1
DA:18,1
DA:20,1
DA:32,1
LF:12
LH:11
BRF:0
BRH:0
end_of_record
TN:
SF:configs/enums.js
FNF:0
FNH:0
DA:1,1
DA:3,1
DA:5,1
DA:8,1
DA:16,1
LF:5
LH:5
BRF:0
BRH:0
end_of_record
TN:
SF:crud/index.js
FN:5,(anonymous_0)
FN:15,(anonymous_1)
FN:26,(anonymous_2)
FN:36,(anonymous_3)
FNF:4
FNH:0
FNDA:0,(anonymous_0)
FNDA:0,(anonymous_1)
FNDA:0,(anonymous_2)
FNDA:0,(anonymous_3)
DA:1,1
DA:2,1
DA:6,0
DA:8,0
DA:9,0
DA:10,0
DA:12,0
DA:16,0
DA:17,0
DA:19,0
DA:20,0
DA:21,0
DA:23,0
DA:27,0
DA:29,0
DA:30,0
DA:31,0
DA:33,0
DA:37,0
DA:38,0
DA:40,0
DA:41,0
DA:42,0
DA:44,0
DA:49,1
LF:25
LH:3
BRF:0
BRH:0
end_of_record
TN:
SF:models/schemas/crud.js
FNF:0
FNH:0
DA:1,1
DA:3,1
DA:12,1
DA:14,1
DA:16,1
DA:23,1
DA:25,1
DA:27,1
DA:36,1
DA:38,1
DA:40,1
DA:49,1
DA:51,1
LF:13
LH:13
BRF:0
BRH:0
end_of_record
